{"/Users/denghui.li/Work/rocket-ts/src/components/Form/Form.vue": {"path":"/Users/denghui.li/Work/rocket-ts/src/components/Form/Form.vue","statementMap":{"0":{"start":{"line":10,"column":0},"end":{"line":10,"column":null}},"1":{"start":{"line":26,"column":0},"end":{"line":26,"column":null}},"2":{"start":{"line":27,"column":0},"end":{"line":27,"column":null}},"3":{"start":{"line":28,"column":0},"end":{"line":28,"column":null}},"4":{"start":{"line":29,"column":0},"end":{"line":29,"column":null}},"5":{"start":{"line":30,"column":0},"end":{"line":30,"column":null}},"6":{"start":{"line":31,"column":0},"end":{"line":31,"column":null}},"7":{"start":{"line":32,"column":0},"end":{"line":32,"column":null}},"8":{"start":{"line":33,"column":0},"end":{"line":33,"column":null}},"9":{"start":{"line":34,"column":0},"end":{"line":34,"column":null}},"10":{"start":{"line":35,"column":0},"end":{"line":35,"column":null}},"11":{"start":{"line":53,"column":0},"end":{"line":177,"column":null}},"12":{"start":{"line":53,"column":0},"end":{"line":53,"column":null}},"13":{"start":{"line":39,"column":0},"end":{"line":39,"column":null}},"14":{"start":{"line":84,"column":0},"end":{"line":84,"column":null}},"15":{"start":{"line":86,"column":0},"end":{"line":86,"column":null}},"16":{"start":{"line":93,"column":0},"end":{"line":93,"column":null}},"17":{"start":{"line":154,"column":0},"end":{"line":154,"column":null}},"18":{"start":{"line":88,"column":0},"end":{"line":88,"column":null}},"19":{"start":{"line":89,"column":0},"end":{"line":89,"column":null}},"20":{"start":{"line":96,"column":0},"end":{"line":98,"column":null}},"21":{"start":{"line":97,"column":0},"end":{"line":97,"column":null}},"22":{"start":{"line":101,"column":0},"end":{"line":103,"column":null}},"23":{"start":{"line":102,"column":0},"end":{"line":102,"column":null}},"24":{"start":{"line":105,"column":0},"end":{"line":109,"column":null}},"25":{"start":{"line":106,"column":0},"end":{"line":106,"column":null}},"26":{"start":{"line":107,"column":0},"end":{"line":107,"column":null}},"27":{"start":{"line":108,"column":0},"end":{"line":108,"column":null}},"28":{"start":{"line":111,"column":0},"end":{"line":111,"column":null}},"29":{"start":{"line":112,"column":0},"end":{"line":112,"column":null}},"30":{"start":{"line":117,"column":0},"end":{"line":123,"column":null}},"31":{"start":{"line":118,"column":0},"end":{"line":120,"column":null}},"32":{"start":{"line":120,"column":0},"end":{"line":120,"column":null}},"33":{"start":{"line":122,"column":0},"end":{"line":122,"column":null}},"34":{"start":{"line":125,"column":0},"end":{"line":132,"column":null}},"35":{"start":{"line":125,"column":0},"end":{"line":125,"column":null}},"36":{"start":{"line":126,"column":0},"end":{"line":131,"column":null}},"37":{"start":{"line":127,"column":0},"end":{"line":127,"column":null}},"38":{"start":{"line":128,"column":0},"end":{"line":129,"column":null}},"39":{"start":{"line":129,"column":0},"end":{"line":129,"column":null}},"40":{"start":{"line":133,"column":0},"end":{"line":136,"column":null}},"41":{"start":{"line":134,"column":0},"end":{"line":134,"column":null}},"42":{"start":{"line":135,"column":0},"end":{"line":135,"column":null}},"43":{"start":{"line":137,"column":0},"end":{"line":141,"column":null}},"44":{"start":{"line":139,"column":0},"end":{"line":139,"column":null}},"45":{"start":{"line":143,"column":0},"end":{"line":152,"column":null}},"46":{"start":{"line":144,"column":0},"end":{"line":144,"column":null}},"47":{"start":{"line":145,"column":0},"end":{"line":145,"column":null}},"48":{"start":{"line":146,"column":0},"end":{"line":150,"column":null}},"49":{"start":{"line":147,"column":0},"end":{"line":147,"column":null}},"50":{"start":{"line":149,"column":0},"end":{"line":149,"column":null}},"51":{"start":{"line":151,"column":0},"end":{"line":151,"column":null}},"52":{"start":{"line":155,"column":0},"end":{"line":159,"column":null}},"53":{"start":{"line":156,"column":0},"end":{"line":156,"column":null}},"54":{"start":{"line":161,"column":0},"end":{"line":170,"column":null}},"55":{"start":{"line":162,"column":0},"end":{"line":169,"column":null}},"56":{"start":{"line":163,"column":0},"end":{"line":163,"column":null}},"57":{"start":{"line":164,"column":0},"end":{"line":169,"column":null}},"58":{"start":{"line":165,"column":0},"end":{"line":165,"column":null}},"59":{"start":{"line":166,"column":0},"end":{"line":166,"column":null}},"60":{"start":{"line":167,"column":0},"end":{"line":169,"column":null}},"61":{"start":{"line":168,"column":0},"end":{"line":168,"column":null}},"62":{"start":{"line":172,"column":0},"end":{"line":176,"column":null}},"63":{"start":{"line":172,"column":0},"end":{"line":172,"column":null}},"64":{"start":{"line":173,"column":0},"end":{"line":175,"column":null}},"65":{"start":{"line":174,"column":0},"end":{"line":174,"column":null}},"66":{"start":{"line":55,"column":0},"end":{"line":55,"column":null}},"67":{"start":{"line":58,"column":0},"end":{"line":58,"column":null}},"68":{"start":{"line":61,"column":0},"end":{"line":61,"column":null}},"69":{"start":{"line":64,"column":0},"end":{"line":64,"column":null}},"70":{"start":{"line":67,"column":0},"end":{"line":67,"column":null}},"71":{"start":{"line":70,"column":0},"end":{"line":70,"column":null}},"72":{"start":{"line":73,"column":0},"end":{"line":73,"column":null}},"73":{"start":{"line":76,"column":0},"end":{"line":76,"column":null}},"74":{"start":{"line":79,"column":0},"end":{"line":79,"column":null}},"75":{"start":{"line":82,"column":0},"end":{"line":82,"column":null}},"76":{"start":{"line":96,"column":0},"end":{"line":96,"column":null}},"77":{"start":{"line":101,"column":0},"end":{"line":101,"column":null}},"78":{"start":{"line":53,"column":0},"end":{"line":39,"column":null}},"79":{"start":{"line":177,"column":0},"end":{"line":177,"column":null}}},"fnMap":{"0":{"name":"(anonymous_1)","decl":{"start":{"line":53,"column":0},"end":{"line":53,"column":null}},"loc":{"start":{"line":53,"column":0},"end":{"line":177,"column":null}}},"1":{"name":"Form","decl":{"start":{"line":39,"column":0},"end":{"line":39,"column":null}},"loc":{"start":{"line":39,"column":0},"end":{"line":177,"column":null}}},"2":{"name":"(anonymous_4)","decl":{"start":{"line":89,"column":0},"end":{"line":89,"column":null}},"loc":{"start":{"line":89,"column":0},"end":{"line":89,"column":null}}},"3":{"name":"(anonymous_5)","decl":{"start":{"line":96,"column":0},"end":{"line":96,"column":null}},"loc":{"start":{"line":96,"column":0},"end":{"line":98,"column":null}}},"4":{"name":"(anonymous_6)","decl":{"start":{"line":101,"column":0},"end":{"line":101,"column":null}},"loc":{"start":{"line":101,"column":0},"end":{"line":103,"column":null}}},"5":{"name":"(anonymous_7)","decl":{"start":{"line":105,"column":0},"end":{"line":105,"column":null}},"loc":{"start":{"line":105,"column":0},"end":{"line":109,"column":null}}},"6":{"name":"(anonymous_9)","decl":{"start":{"line":117,"column":0},"end":{"line":117,"column":null}},"loc":{"start":{"line":117,"column":0},"end":{"line":123,"column":null}}},"7":{"name":"(anonymous_10)","decl":{"start":{"line":118,"column":0},"end":{"line":118,"column":null}},"loc":{"start":{"line":118,"column":0},"end":{"line":120,"column":null}}},"8":{"name":"(anonymous_11)","decl":{"start":{"line":125,"column":0},"end":{"line":125,"column":null}},"loc":{"start":{"line":125,"column":0},"end":{"line":132,"column":null}}},"9":{"name":"(anonymous_12)","decl":{"start":{"line":126,"column":0},"end":{"line":126,"column":null}},"loc":{"start":{"line":126,"column":0},"end":{"line":131,"column":null}}},"10":{"name":"(anonymous_13)","decl":{"start":{"line":128,"column":0},"end":{"line":128,"column":null}},"loc":{"start":{"line":128,"column":0},"end":{"line":129,"column":null}}},"11":{"name":"(anonymous_14)","decl":{"start":{"line":133,"column":0},"end":{"line":133,"column":null}},"loc":{"start":{"line":133,"column":0},"end":{"line":136,"column":null}}},"12":{"name":"(anonymous_15)","decl":{"start":{"line":137,"column":0},"end":{"line":137,"column":null}},"loc":{"start":{"line":137,"column":0},"end":{"line":141,"column":null}}},"13":{"name":"(anonymous_18)","decl":{"start":{"line":143,"column":0},"end":{"line":143,"column":null}},"loc":{"start":{"line":143,"column":0},"end":{"line":152,"column":null}}},"14":{"name":"(anonymous_19)","decl":{"start":{"line":147,"column":0},"end":{"line":147,"column":null}},"loc":{"start":{"line":147,"column":0},"end":{"line":147,"column":null}}},"15":{"name":"(anonymous_20)","decl":{"start":{"line":155,"column":0},"end":{"line":155,"column":null}},"loc":{"start":{"line":155,"column":0},"end":{"line":159,"column":null}}},"16":{"name":"(anonymous_21)","decl":{"start":{"line":161,"column":0},"end":{"line":161,"column":null}},"loc":{"start":{"line":161,"column":0},"end":{"line":170,"column":null}}},"17":{"name":"(anonymous_24)","decl":{"start":{"line":172,"column":0},"end":{"line":172,"column":null}},"loc":{"start":{"line":172,"column":0},"end":{"line":176,"column":null}}},"18":{"name":"(anonymous_25)","decl":{"start":{"line":173,"column":0},"end":{"line":173,"column":null}},"loc":{"start":{"line":173,"column":0},"end":{"line":175,"column":null}}}},"branchMap":{"0":{"loc":{"start":{"line":39,"column":0},"end":{"line":39,"column":null}},"type":"binary-expr","locations":[{"start":{"line":39,"column":0},"end":{"line":39,"column":null}},{"start":{"line":39,"column":0},"end":{"line":39,"column":null}},{"start":{"line":39,"column":0},"end":{"line":39,"column":null}}]},"1":{"loc":{"start":{"line":107,"column":0},"end":{"line":107,"column":null}},"type":"if","locations":[{"start":{"line":107,"column":0},"end":{"line":107,"column":null}},{"start":{"line":107,"column":0},"end":{"line":107,"column":null}}]},"2":{"loc":{"start":{"line":129,"column":0},"end":{"line":129,"column":null}},"type":"cond-expr","locations":[{"start":{"line":129,"column":0},"end":{"line":129,"column":null}},{"start":{"line":129,"column":0},"end":{"line":129,"column":null}}]},"3":{"loc":{"start":{"line":146,"column":0},"end":{"line":150,"column":null}},"type":"if","locations":[{"start":{"line":146,"column":0},"end":{"line":150,"column":null}},{"start":{"line":146,"column":0},"end":{"line":150,"column":null}}]},"4":{"loc":{"start":{"line":162,"column":0},"end":{"line":169,"column":null}},"type":"if","locations":[{"start":{"line":162,"column":0},"end":{"line":169,"column":null}},{"start":{"line":162,"column":0},"end":{"line":169,"column":null}}]},"5":{"loc":{"start":{"line":164,"column":0},"end":{"line":169,"column":null}},"type":"if","locations":[{"start":{"line":164,"column":0},"end":{"line":169,"column":null}},{"start":{"line":164,"column":0},"end":{"line":169,"column":null}}]},"6":{"loc":{"start":{"line":167,"column":0},"end":{"line":169,"column":null}},"type":"if","locations":[{"start":{"line":167,"column":0},"end":{"line":169,"column":null}},{"start":{"line":167,"column":0},"end":{"line":169,"column":null}}]}},"s":{"0":2,"1":2,"2":2,"3":2,"4":2,"5":2,"6":2,"7":2,"8":2,"9":2,"10":2,"11":2,"12":2,"13":1,"14":1,"15":1,"16":3,"17":1,"18":3,"19":1,"20":2,"21":0,"22":2,"23":0,"24":2,"25":6,"26":6,"27":6,"28":2,"29":1,"30":2,"31":6,"32":0,"33":6,"34":2,"35":0,"36":0,"37":0,"38":0,"39":0,"40":2,"41":0,"42":0,"43":2,"44":0,"45":2,"46":0,"47":0,"48":0,"49":0,"50":0,"51":0,"52":2,"53":0,"54":2,"55":0,"56":0,"57":0,"58":0,"59":0,"60":0,"61":0,"62":2,"63":1,"64":1,"65":3,"66":2,"67":2,"68":2,"69":2,"70":2,"71":2,"72":2,"73":2,"74":2,"75":2,"76":2,"77":2,"78":2,"79":2},"f":{"0":2,"1":1,"2":0,"3":0,"4":0,"5":6,"6":6,"7":0,"8":0,"9":0,"10":0,"11":0,"12":0,"13":0,"14":0,"15":0,"16":0,"17":1,"18":3},"b":{"0":[1,1,1],"1":[0,6],"2":[0,0],"3":[0,0],"4":[0,0],"5":[0,0],"6":[0,0]}}
,"/Users/denghui.li/Work/rocket-ts/src/components/Radio/index.vue": {"path":"/Users/denghui.li/Work/rocket-ts/src/components/Radio/index.vue","statementMap":{"0":{"start":{"line":6,"column":0},"end":{"line":6,"column":null}},"1":{"start":{"line":19,"column":0},"end":{"line":39,"column":null}},"2":{"start":{"line":19,"column":0},"end":{"line":19,"column":null}},"3":{"start":{"line":18,"column":0},"end":{"line":18,"column":null}},"4":{"start":{"line":32,"column":0},"end":{"line":32,"column":null}},"5":{"start":{"line":28,"column":0},"end":{"line":30,"column":null}},"6":{"start":{"line":29,"column":0},"end":{"line":29,"column":null}},"7":{"start":{"line":36,"column":0},"end":{"line":38,"column":null}},"8":{"start":{"line":37,"column":0},"end":{"line":37,"column":null}},"9":{"start":{"line":22,"column":0},"end":{"line":22,"column":null}},"10":{"start":{"line":25,"column":0},"end":{"line":25,"column":null}},"11":{"start":{"line":28,"column":0},"end":{"line":28,"column":null}},"12":{"start":{"line":39,"column":0},"end":{"line":39,"column":null}}},"fnMap":{"0":{"name":"(anonymous_1)","decl":{"start":{"line":19,"column":0},"end":{"line":19,"column":null}},"loc":{"start":{"line":19,"column":0},"end":{"line":39,"column":null}}},"1":{"name":"RRadio","decl":{"start":{"line":18,"column":0},"end":{"line":18,"column":null}},"loc":{"start":{"line":18,"column":0},"end":{"line":39,"column":null}}},"2":{"name":"(anonymous_3)","decl":{"start":{"line":28,"column":0},"end":{"line":28,"column":null}},"loc":{"start":{"line":28,"column":0},"end":{"line":30,"column":null}}},"3":{"name":"(anonymous_4)","decl":{"start":{"line":36,"column":0},"end":{"line":36,"column":null}},"loc":{"start":{"line":36,"column":0},"end":{"line":38,"column":null}}}},"branchMap":{"0":{"loc":{"start":{"line":18,"column":0},"end":{"line":18,"column":null}},"type":"binary-expr","locations":[{"start":{"line":18,"column":0},"end":{"line":18,"column":null}},{"start":{"line":18,"column":0},"end":{"line":18,"column":null}},{"start":{"line":18,"column":0},"end":{"line":18,"column":null}}]}},"s":{"0":2,"1":2,"2":4,"3":0,"4":0,"5":2,"6":0,"7":2,"8":0,"9":2,"10":2,"11":2,"12":2},"f":{"0":2,"1":0,"2":0,"3":0},"b":{"0":[0,0,0]}}
,"/Users/denghui.li/Work/rocket-ts/src/components/Table/BaseTable.vue": {"path":"/Users/denghui.li/Work/rocket-ts/src/components/Table/BaseTable.vue","statementMap":{"0":{"start":{"line":11,"column":0},"end":{"line":11,"column":null}},"1":{"start":{"line":30,"column":0},"end":{"line":72,"column":null}},"2":{"start":{"line":30,"column":0},"end":{"line":30,"column":null}},"3":{"start":{"line":29,"column":0},"end":{"line":29,"column":null}},"4":{"start":{"line":56,"column":0},"end":{"line":56,"column":null}},"5":{"start":{"line":61,"column":0},"end":{"line":61,"column":null}},"6":{"start":{"line":63,"column":0},"end":{"line":63,"column":null}},"7":{"start":{"line":65,"column":0},"end":{"line":65,"column":null}},"8":{"start":{"line":66,"column":0},"end":{"line":66,"column":null}},"9":{"start":{"line":69,"column":0},"end":{"line":69,"column":null}},"10":{"start":{"line":70,"column":0},"end":{"line":70,"column":null}},"11":{"start":{"line":32,"column":0},"end":{"line":32,"column":null}},"12":{"start":{"line":35,"column":0},"end":{"line":35,"column":null}},"13":{"start":{"line":42,"column":0},"end":{"line":37,"column":null}},"14":{"start":{"line":39,"column":0},"end":{"line":39,"column":null}},"15":{"start":{"line":45,"column":0},"end":{"line":45,"column":null}},"16":{"start":{"line":48,"column":0},"end":{"line":47,"column":null}},"17":{"start":{"line":51,"column":0},"end":{"line":51,"column":null}},"18":{"start":{"line":54,"column":0},"end":{"line":54,"column":null}},"19":{"start":{"line":72,"column":0},"end":{"line":72,"column":null}}},"fnMap":{"0":{"name":"(anonymous_1)","decl":{"start":{"line":30,"column":0},"end":{"line":30,"column":null}},"loc":{"start":{"line":30,"column":0},"end":{"line":72,"column":null}}},"1":{"name":"BaseTable","decl":{"start":{"line":29,"column":0},"end":{"line":29,"column":null}},"loc":{"start":{"line":29,"column":0},"end":{"line":72,"column":null}}},"2":{"name":"(anonymous_3)","decl":{"start":{"line":63,"column":0},"end":{"line":63,"column":null}},"loc":{"start":{"line":63,"column":0},"end":{"line":63,"column":null}}},"3":{"name":"_default","decl":{"start":{"line":38,"column":0},"end":{"line":38,"column":null}},"loc":{"start":{"line":38,"column":0},"end":{"line":40,"column":null}}}},"branchMap":{"0":{"loc":{"start":{"line":29,"column":0},"end":{"line":29,"column":null}},"type":"binary-expr","locations":[{"start":{"line":29,"column":0},"end":{"line":29,"column":null}},{"start":{"line":29,"column":0},"end":{"line":29,"column":null}},{"start":{"line":29,"column":0},"end":{"line":29,"column":null}}]},"1":{"loc":{"start":{"line":63,"column":0},"end":{"line":63,"column":null}},"type":"if","locations":[{"start":{"line":63,"column":0},"end":{"line":63,"column":null}},{"start":{"line":63,"column":0},"end":{"line":63,"column":null}}]}},"s":{"0":1,"1":1,"2":2,"3":2,"4":2,"5":2,"6":1,"7":1,"8":0,"9":1,"10":0,"11":1,"12":1,"13":1,"14":0,"15":1,"16":1,"17":1,"18":1,"19":1},"f":{"0":1,"1":2,"2":0,"3":0},"b":{"0":[2,2,2],"1":[0,0]}}
,"/Users/denghui.li/Work/rocket-ts/src/components/Table/LocalTable.vue": {"path":"/Users/denghui.li/Work/rocket-ts/src/components/Table/LocalTable.vue","statementMap":{"0":{"start":{"line":2,"column":0},"end":{"line":2,"column":null}},"1":{"start":{"line":14,"column":0},"end":{"line":14,"column":null}},"2":{"start":{"line":15,"column":0},"end":{"line":15,"column":null}},"3":{"start":{"line":16,"column":0},"end":{"line":16,"column":null}},"4":{"start":{"line":17,"column":0},"end":{"line":17,"column":null}},"5":{"start":{"line":24,"column":0},"end":{"line":76,"column":null}},"6":{"start":{"line":24,"column":0},"end":{"line":24,"column":null}},"7":{"start":{"line":18,"column":0},"end":{"line":18,"column":null}},"8":{"start":{"line":31,"column":0},"end":{"line":31,"column":null}},"9":{"start":{"line":25,"column":0},"end":{"line":29,"column":null}},"10":{"start":{"line":25,"column":0},"end":{"line":25,"column":null}},"11":{"start":{"line":26,"column":0},"end":{"line":26,"column":null}},"12":{"start":{"line":33,"column":0},"end":{"line":35,"column":null}},"13":{"start":{"line":34,"column":0},"end":{"line":34,"column":null}},"14":{"start":{"line":38,"column":0},"end":{"line":44,"column":null}},"15":{"start":{"line":39,"column":0},"end":{"line":39,"column":null}},"16":{"start":{"line":40,"column":0},"end":{"line":42,"column":null}},"17":{"start":{"line":41,"column":0},"end":{"line":41,"column":null}},"18":{"start":{"line":43,"column":0},"end":{"line":43,"column":null}},"19":{"start":{"line":46,"column":0},"end":{"line":46,"column":null}},"20":{"start":{"line":47,"column":0},"end":{"line":61,"column":null}},"21":{"start":{"line":48,"column":0},"end":{"line":48,"column":null}},"22":{"start":{"line":49,"column":0},"end":{"line":59,"column":null}},"23":{"start":{"line":50,"column":0},"end":{"line":52,"column":null}},"24":{"start":{"line":51,"column":0},"end":{"line":51,"column":null}},"25":{"start":{"line":54,"column":0},"end":{"line":58,"column":null}},"26":{"start":{"line":55,"column":0},"end":{"line":55,"column":null}},"27":{"start":{"line":57,"column":0},"end":{"line":57,"column":null}},"28":{"start":{"line":60,"column":0},"end":{"line":60,"column":null}},"29":{"start":{"line":64,"column":0},"end":{"line":64,"column":null}},"30":{"start":{"line":65,"column":0},"end":{"line":65,"column":null}},"31":{"start":{"line":66,"column":0},"end":{"line":66,"column":null}},"32":{"start":{"line":69,"column":0},"end":{"line":69,"column":null}},"33":{"start":{"line":70,"column":0},"end":{"line":70,"column":null}},"34":{"start":{"line":73,"column":0},"end":{"line":75,"column":null}},"35":{"start":{"line":74,"column":0},"end":{"line":74,"column":null}},"36":{"start":{"line":38,"column":0},"end":{"line":37,"column":null}},"37":{"start":{"line":24,"column":0},"end":{"line":18,"column":null}},"38":{"start":{"line":76,"column":0},"end":{"line":76,"column":null}}},"fnMap":{"0":{"name":"(anonymous_1)","decl":{"start":{"line":24,"column":0},"end":{"line":24,"column":null}},"loc":{"start":{"line":24,"column":0},"end":{"line":76,"column":null}}},"1":{"name":"RLocalTable","decl":{"start":{"line":18,"column":0},"end":{"line":18,"column":null}},"loc":{"start":{"line":18,"column":0},"end":{"line":76,"column":null}}},"2":{"name":"(anonymous_3)","decl":{"start":{"line":25,"column":0},"end":{"line":25,"column":null}},"loc":{"start":{"line":25,"column":0},"end":{"line":29,"column":null}}},"3":{"name":"(anonymous_4)","decl":{"start":{"line":33,"column":0},"end":{"line":33,"column":null}},"loc":{"start":{"line":33,"column":0},"end":{"line":35,"column":null}}},"4":{"name":"(anonymous_7)","decl":{"start":{"line":38,"column":0},"end":{"line":38,"column":null}},"loc":{"start":{"line":38,"column":0},"end":{"line":44,"column":null}}},"5":{"name":"(anonymous_11)","decl":{"start":{"line":47,"column":0},"end":{"line":47,"column":null}},"loc":{"start":{"line":47,"column":0},"end":{"line":61,"column":null}}},"6":{"name":"(anonymous_14)","decl":{"start":{"line":73,"column":0},"end":{"line":73,"column":null}},"loc":{"start":{"line":73,"column":0},"end":{"line":75,"column":null}}}},"branchMap":{"0":{"loc":{"start":{"line":18,"column":0},"end":{"line":18,"column":null}},"type":"binary-expr","locations":[{"start":{"line":18,"column":0},"end":{"line":18,"column":null}},{"start":{"line":18,"column":0},"end":{"line":18,"column":null}},{"start":{"line":18,"column":0},"end":{"line":18,"column":null}}]},"1":{"loc":{"start":{"line":25,"column":0},"end":{"line":25,"column":null}},"type":"if","locations":[{"start":{"line":25,"column":0},"end":{"line":25,"column":null}},{"start":{"line":25,"column":0},"end":{"line":25,"column":null}}]},"2":{"loc":{"start":{"line":34,"column":0},"end":{"line":34,"column":null}},"type":"cond-expr","locations":[{"start":{"line":34,"column":0},"end":{"line":34,"column":null}},{"start":{"line":34,"column":0},"end":{"line":34,"column":null}}]},"3":{"loc":{"start":{"line":40,"column":0},"end":{"line":42,"column":null}},"type":"if","locations":[{"start":{"line":40,"column":0},"end":{"line":42,"column":null}},{"start":{"line":40,"column":0},"end":{"line":42,"column":null}}]},"4":{"loc":{"start":{"line":50,"column":0},"end":{"line":52,"column":null}},"type":"if","locations":[{"start":{"line":50,"column":0},"end":{"line":52,"column":null}},{"start":{"line":50,"column":0},"end":{"line":52,"column":null}}]},"5":{"loc":{"start":{"line":50,"column":0},"end":{"line":50,"column":null}},"type":"binary-expr","locations":[{"start":{"line":50,"column":0},"end":{"line":50,"column":null}},{"start":{"line":50,"column":0},"end":{"line":50,"column":null}}]},"6":{"loc":{"start":{"line":54,"column":0},"end":{"line":58,"column":null}},"type":"if","locations":[{"start":{"line":54,"column":0},"end":{"line":58,"column":null}},{"start":{"line":54,"column":0},"end":{"line":58,"column":null}}]},"7":{"loc":{"start":{"line":55,"column":0},"end":{"line":55,"column":null}},"type":"binary-expr","locations":[{"start":{"line":55,"column":0},"end":{"line":55,"column":null}},{"start":{"line":55,"column":0},"end":{"line":55,"column":null}}]},"8":{"loc":{"start":{"line":57,"column":0},"end":{"line":57,"column":null}},"type":"binary-expr","locations":[{"start":{"line":57,"column":0},"end":{"line":57,"column":null}},{"start":{"line":57,"column":0},"end":{"line":57,"column":null}}]}},"s":{"0":1,"1":1,"2":1,"3":1,"4":1,"5":1,"6":1,"7":2,"8":2,"9":1,"10":0,"11":0,"12":1,"13":2,"14":1,"15":4,"16":2,"17":0,"18":2,"19":5,"20":4,"21":2,"22":2,"23":0,"24":0,"25":0,"26":0,"27":0,"28":2,"29":1,"30":12,"31":4,"32":1,"33":4,"34":1,"35":2,"36":1,"37":1,"38":1},"f":{"0":1,"1":2,"2":0,"3":2,"4":2,"5":2,"6":2},"b":{"0":[2,2,2],"1":[0,0],"2":[1,1],"3":[0,2],"4":[0,0],"5":[0,0],"6":[0,0],"7":[0,0],"8":[0,0]}}
,"/Users/denghui.li/Work/rocket-ts/src/components/Table/TableColumn.vue": {"path":"/Users/denghui.li/Work/rocket-ts/src/components/Table/TableColumn.vue","statementMap":{"0":{"start":{"line":9,"column":0},"end":{"line":9,"column":null}},"1":{"start":{"line":21,"column":0},"end":{"line":21,"column":null}},"2":{"start":{"line":26,"column":0},"end":{"line":44,"column":null}},"3":{"start":{"line":26,"column":0},"end":{"line":26,"column":null}},"4":{"start":{"line":28,"column":0},"end":{"line":28,"column":null}},"5":{"start":{"line":31,"column":0},"end":{"line":31,"column":null}},"6":{"start":{"line":34,"column":0},"end":{"line":34,"column":null}},"7":{"start":{"line":37,"column":0},"end":{"line":37,"column":null}},"8":{"start":{"line":40,"column":0},"end":{"line":40,"column":null}},"9":{"start":{"line":43,"column":0},"end":{"line":43,"column":null}},"10":{"start":{"line":26,"column":0},"end":{"line":23,"column":null}},"11":{"start":{"line":44,"column":0},"end":{"line":44,"column":null}}},"fnMap":{"0":{"name":"(anonymous_1)","decl":{"start":{"line":26,"column":0},"end":{"line":26,"column":null}},"loc":{"start":{"line":26,"column":0},"end":{"line":44,"column":null}}}},"branchMap":{},"s":{"0":1,"1":1,"2":1,"3":1,"4":1,"5":1,"6":1,"7":1,"8":1,"9":1,"10":1,"11":1},"f":{"0":1},"b":{}}
,"/Users/denghui.li/Work/rocket-ts/src/components/toolBar/index.vue": {"path":"/Users/denghui.li/Work/rocket-ts/src/components/toolBar/index.vue","statementMap":{"0":{"start":{"line":8,"column":0},"end":{"line":8,"column":null}},"1":{"start":{"line":9,"column":0},"end":{"line":9,"column":null}},"2":{"start":{"line":12,"column":0},"end":{"line":52,"column":null}},"3":{"start":{"line":12,"column":0},"end":{"line":12,"column":null}},"4":{"start":{"line":11,"column":0},"end":{"line":11,"column":null}},"5":{"start":{"line":32,"column":0},"end":{"line":32,"column":null}},"6":{"start":{"line":25,"column":0},"end":{"line":30,"column":null}},"7":{"start":{"line":27,"column":0},"end":{"line":27,"column":null}},"8":{"start":{"line":29,"column":0},"end":{"line":29,"column":null}},"9":{"start":{"line":34,"column":0},"end":{"line":39,"column":null}},"10":{"start":{"line":35,"column":0},"end":{"line":37,"column":null}},"11":{"start":{"line":36,"column":0},"end":{"line":36,"column":null}},"12":{"start":{"line":38,"column":0},"end":{"line":38,"column":null}},"13":{"start":{"line":42,"column":0},"end":{"line":47,"column":null}},"14":{"start":{"line":41,"column":0},"end":{"line":41,"column":null}},"15":{"start":{"line":43,"column":0},"end":{"line":46,"column":null}},"16":{"start":{"line":44,"column":0},"end":{"line":44,"column":null}},"17":{"start":{"line":45,"column":0},"end":{"line":45,"column":null}},"18":{"start":{"line":49,"column":0},"end":{"line":51,"column":null}},"19":{"start":{"line":50,"column":0},"end":{"line":50,"column":null}},"20":{"start":{"line":14,"column":0},"end":{"line":14,"column":null}},"21":{"start":{"line":22,"column":0},"end":{"line":16,"column":null}},"22":{"start":{"line":19,"column":0},"end":{"line":19,"column":null}},"23":{"start":{"line":25,"column":0},"end":{"line":25,"column":null}},"24":{"start":{"line":42,"column":0},"end":{"line":41,"column":null}},"25":{"start":{"line":52,"column":0},"end":{"line":52,"column":null}}},"fnMap":{"0":{"name":"(anonymous_1)","decl":{"start":{"line":12,"column":0},"end":{"line":12,"column":null}},"loc":{"start":{"line":12,"column":0},"end":{"line":52,"column":null}}},"1":{"name":"Toolbar","decl":{"start":{"line":11,"column":0},"end":{"line":11,"column":null}},"loc":{"start":{"line":11,"column":0},"end":{"line":52,"column":null}}},"2":{"name":"(anonymous_3)","decl":{"start":{"line":25,"column":0},"end":{"line":25,"column":null}},"loc":{"start":{"line":25,"column":0},"end":{"line":30,"column":null}}},"3":{"name":"(anonymous_6)","decl":{"start":{"line":34,"column":0},"end":{"line":34,"column":null}},"loc":{"start":{"line":34,"column":0},"end":{"line":39,"column":null}}},"4":{"name":"(anonymous_9)","decl":{"start":{"line":42,"column":0},"end":{"line":42,"column":null}},"loc":{"start":{"line":42,"column":0},"end":{"line":47,"column":null}}},"5":{"name":"(anonymous_10)","decl":{"start":{"line":43,"column":0},"end":{"line":43,"column":null}},"loc":{"start":{"line":43,"column":0},"end":{"line":46,"column":null}}},"6":{"name":"(anonymous_13)","decl":{"start":{"line":49,"column":0},"end":{"line":49,"column":null}},"loc":{"start":{"line":49,"column":0},"end":{"line":51,"column":null}}},"7":{"name":"_default","decl":{"start":{"line":18,"column":0},"end":{"line":18,"column":null}},"loc":{"start":{"line":18,"column":0},"end":{"line":20,"column":null}}}},"branchMap":{"0":{"loc":{"start":{"line":11,"column":0},"end":{"line":11,"column":null}},"type":"binary-expr","locations":[{"start":{"line":11,"column":0},"end":{"line":11,"column":null}},{"start":{"line":11,"column":0},"end":{"line":11,"column":null}},{"start":{"line":11,"column":0},"end":{"line":11,"column":null}}]},"1":{"loc":{"start":{"line":35,"column":0},"end":{"line":37,"column":null}},"type":"if","locations":[{"start":{"line":35,"column":0},"end":{"line":37,"column":null}},{"start":{"line":35,"column":0},"end":{"line":37,"column":null}}]},"2":{"loc":{"start":{"line":38,"column":0},"end":{"line":38,"column":null}},"type":"cond-expr","locations":[{"start":{"line":38,"column":0},"end":{"line":38,"column":null}},{"start":{"line":38,"column":0},"end":{"line":38,"column":null}}]}},"s":{"0":4,"1":4,"2":4,"3":8,"4":7,"5":7,"6":4,"7":2,"8":1,"9":4,"10":30,"11":12,"12":18,"13":4,"14":14,"15":14,"16":60,"17":30,"18":4,"19":7,"20":4,"21":4,"22":2,"23":4,"24":4,"25":4},"f":{"0":4,"1":7,"2":1,"3":30,"4":14,"5":30,"6":7,"7":2},"b":{"0":[7,7,7],"1":[12,18],"2":[18,0]}}
,"/Users/denghui.li/Work/rocket-ts/src/components/widget/BaseWidget.ts": {"path":"/Users/denghui.li/Work/rocket-ts/src/components/widget/BaseWidget.ts","statementMap":{"0":{"start":{"line":1,"column":0},"end":{"line":1,"column":87}},"1":{"start":{"line":5,"column":0},"end":{"line":5,"column":null}},"2":{"start":{"line":5,"column":34},"end":{"line":5,"column":37}},"3":{"start":{"line":4,"column":0},"end":{"line":4,"column":1}},"4":{"start":{"line":35,"column":2},"end":{"line":37,"column":4}},"5":{"start":{"line":31,"column":2},"end":{"line":33,"column":null}},"6":{"start":{"line":32,"column":4},"end":{"line":32,"column":41}},"7":{"start":{"line":39,"column":2},"end":{"line":41,"column":null}},"8":{"start":{"line":40,"column":4},"end":{"line":40,"column":47}},"9":{"start":{"line":43,"column":2},"end":{"line":47,"column":null}},"10":{"start":{"line":44,"column":4},"end":{"line":44,"column":57}},"11":{"start":{"line":45,"column":4},"end":{"line":45,"column":54}},"12":{"start":{"line":46,"column":4},"end":{"line":46,"column":35}},"13":{"start":{"line":7,"column":2},"end":{"line":7,"column":null}},"14":{"start":{"line":10,"column":2},"end":{"line":10,"column":null}},"15":{"start":{"line":13,"column":2},"end":{"line":13,"column":null}},"16":{"start":{"line":16,"column":2},"end":{"line":16,"column":null}},"17":{"start":{"line":19,"column":2},"end":{"line":19,"column":null}},"18":{"start":{"line":22,"column":2},"end":{"line":22,"column":null}},"19":{"start":{"line":25,"column":2},"end":{"line":25,"column":null}},"20":{"start":{"line":28,"column":2},"end":{"line":28,"column":null}},"21":{"start":{"line":5,"column":21},"end":{"line":48,"column":null}},"22":{"start":{"line":48,"column":0},"end":{"line":48,"column":null}},"23":{"start":{"line":5,"column":21},"end":{"line":5,"column":34}}},"fnMap":{"0":{"name":"(anonymous_0)","decl":{"start":{"line":5,"column":0},"end":{"line":5,"column":21}},"loc":{"start":{"line":5,"column":0},"end":{"line":5,"column":21}}},"1":{"name":"Form","decl":{"start":{"line":4,"column":0},"end":{"line":4,"column":1}},"loc":{"start":{"line":4,"column":0},"end":{"line":48,"column":null}}},"2":{"name":"(anonymous_2)","decl":{"start":{"line":31,"column":2},"end":{"line":31,"column":21}},"loc":{"start":{"line":31,"column":49},"end":{"line":33,"column":3}}},"3":{"name":"(anonymous_3)","decl":{"start":{"line":39,"column":2},"end":{"line":39,"column":13}},"loc":{"start":{"line":39,"column":2},"end":{"line":41,"column":3}}},"4":{"name":"(anonymous_4)","decl":{"start":{"line":43,"column":2},"end":{"line":43,"column":9}},"loc":{"start":{"line":43,"column":2},"end":{"line":47,"column":3}}}},"branchMap":{"0":{"loc":{"start":{"line":4,"column":0},"end":{"line":4,"column":1}},"type":"binary-expr","locations":[{"start":{"line":4,"column":0},"end":{"line":4,"column":1}},{"start":{"line":4,"column":0},"end":{"line":4,"column":1}},{"start":{"line":4,"column":0},"end":{"line":4,"column":1}}]},"1":{"loc":{"start":{"line":36,"column":11},"end":{"line":36,"column":28}},"type":"binary-expr","locations":[{"start":{"line":36,"column":11},"end":{"line":36,"column":28}},{"start":{"line":36,"column":32},"end":{"line":36,"column":34}}]},"2":{"loc":{"start":{"line":40,"column":23},"end":{"line":40,"column":40}},"type":"binary-expr","locations":[{"start":{"line":40,"column":23},"end":{"line":40,"column":40}},{"start":{"line":40,"column":44},"end":{"line":40,"column":46}}]}},"s":{"0":3,"1":3,"2":3,"3":1,"4":1,"5":6,"6":0,"7":3,"8":0,"9":3,"10":1,"11":1,"12":1,"13":3,"14":3,"15":3,"16":3,"17":3,"18":3,"19":3,"20":3,"21":3,"22":3,"23":3},"f":{"0":3,"1":1,"2":0,"3":0,"4":1},"b":{"0":[1,1,1],"1":[1,1],"2":[0,0]}}
,"/Users/denghui.li/Work/rocket-ts/src/components/widget/Checkbox.vue": {"path":"/Users/denghui.li/Work/rocket-ts/src/components/widget/Checkbox.vue","statementMap":{"0":{"start":{"line":6,"column":0},"end":{"line":6,"column":null}},"1":{"start":{"line":7,"column":0},"end":{"line":7,"column":null}},"2":{"start":{"line":9,"column":0},"end":{"line":17,"column":null}},"3":{"start":{"line":9,"column":0},"end":{"line":9,"column":null}},"4":{"start":{"line":8,"column":0},"end":{"line":8,"column":null}},"5":{"start":{"line":10,"column":0},"end":{"line":10,"column":null}},"6":{"start":{"line":14,"column":0},"end":{"line":16,"column":null}},"7":{"start":{"line":15,"column":0},"end":{"line":15,"column":null}},"8":{"start":{"line":17,"column":0},"end":{"line":17,"column":null}}},"fnMap":{"0":{"name":"(anonymous_1)","decl":{"start":{"line":9,"column":0},"end":{"line":9,"column":null}},"loc":{"start":{"line":9,"column":0},"end":{"line":17,"column":null}}},"1":{"name":"WCheckbox","decl":{"start":{"line":8,"column":0},"end":{"line":8,"column":null}},"loc":{"start":{"line":8,"column":0},"end":{"line":17,"column":null}}},"2":{"name":"(anonymous_3)","decl":{"start":{"line":14,"column":0},"end":{"line":14,"column":null}},"loc":{"start":{"line":14,"column":0},"end":{"line":16,"column":null}}}},"branchMap":{"0":{"loc":{"start":{"line":8,"column":0},"end":{"line":8,"column":null}},"type":"binary-expr","locations":[{"start":{"line":8,"column":0},"end":{"line":8,"column":null}},{"start":{"line":8,"column":0},"end":{"line":8,"column":null}},{"start":{"line":8,"column":0},"end":{"line":8,"column":null}}]},"1":{"loc":{"start":{"line":11,"column":0},"end":{"line":11,"column":null}},"type":"binary-expr","locations":[{"start":{"line":11,"column":0},"end":{"line":11,"column":null}},{"start":{"line":11,"column":0},"end":{"line":11,"column":null}}]},"2":{"loc":{"start":{"line":15,"column":0},"end":{"line":15,"column":null}},"type":"binary-expr","locations":[{"start":{"line":15,"column":0},"end":{"line":15,"column":null}},{"start":{"line":15,"column":0},"end":{"line":15,"column":null}}]}},"s":{"0":2,"1":2,"2":2,"3":4,"4":0,"5":0,"6":2,"7":0,"8":2},"f":{"0":2,"1":0,"2":0},"b":{"0":[0,0,0],"1":[0,0],"2":[0,0]}}
,"/Users/denghui.li/Work/rocket-ts/src/components/widget/DatePickerGroup.vue": {"path":"/Users/denghui.li/Work/rocket-ts/src/components/widget/DatePickerGroup.vue","statementMap":{"0":{"start":{"line":12,"column":0},"end":{"line":12,"column":null}},"1":{"start":{"line":14,"column":0},"end":{"line":14,"column":null}},"2":{"start":{"line":17,"column":0},"end":{"line":63,"column":null}},"3":{"start":{"line":17,"column":0},"end":{"line":17,"column":null}},"4":{"start":{"line":16,"column":0},"end":{"line":16,"column":null}},"5":{"start":{"line":21,"column":0},"end":{"line":21,"column":null}},"6":{"start":{"line":27,"column":0},"end":{"line":29,"column":null}},"7":{"start":{"line":28,"column":0},"end":{"line":28,"column":null}},"8":{"start":{"line":31,"column":0},"end":{"line":31,"column":null}},"9":{"start":{"line":32,"column":0},"end":{"line":32,"column":null}},"10":{"start":{"line":35,"column":0},"end":{"line":35,"column":null}},"11":{"start":{"line":36,"column":0},"end":{"line":36,"column":null}},"12":{"start":{"line":39,"column":0},"end":{"line":45,"column":null}},"13":{"start":{"line":40,"column":0},"end":{"line":41,"column":null}},"14":{"start":{"line":47,"column":0},"end":{"line":62,"column":null}},"15":{"start":{"line":48,"column":0},"end":{"line":50,"column":null}},"16":{"start":{"line":49,"column":0},"end":{"line":49,"column":null}},"17":{"start":{"line":51,"column":0},"end":{"line":53,"column":null}},"18":{"start":{"line":52,"column":0},"end":{"line":52,"column":null}},"19":{"start":{"line":55,"column":0},"end":{"line":58,"column":null}},"20":{"start":{"line":56,"column":0},"end":{"line":56,"column":null}},"21":{"start":{"line":57,"column":0},"end":{"line":57,"column":null}},"22":{"start":{"line":59,"column":0},"end":{"line":59,"column":null}},"23":{"start":{"line":61,"column":0},"end":{"line":61,"column":null}},"24":{"start":{"line":19,"column":0},"end":{"line":19,"column":null}},"25":{"start":{"line":27,"column":0},"end":{"line":26,"column":null}},"26":{"start":{"line":63,"column":0},"end":{"line":63,"column":null}}},"fnMap":{"0":{"name":"(anonymous_1)","decl":{"start":{"line":17,"column":0},"end":{"line":17,"column":null}},"loc":{"start":{"line":17,"column":0},"end":{"line":63,"column":null}}},"1":{"name":"WDatePickerGroup","decl":{"start":{"line":16,"column":0},"end":{"line":16,"column":null}},"loc":{"start":{"line":16,"column":0},"end":{"line":63,"column":null}}},"2":{"name":"(anonymous_3)","decl":{"start":{"line":27,"column":0},"end":{"line":27,"column":null}},"loc":{"start":{"line":27,"column":0},"end":{"line":29,"column":null}}},"3":{"name":"(anonymous_6)","decl":{"start":{"line":39,"column":0},"end":{"line":39,"column":null}},"loc":{"start":{"line":39,"column":0},"end":{"line":45,"column":null}}},"4":{"name":"(anonymous_7)","decl":{"start":{"line":47,"column":0},"end":{"line":47,"column":null}},"loc":{"start":{"line":47,"column":0},"end":{"line":62,"column":null}}}},"branchMap":{"0":{"loc":{"start":{"line":16,"column":0},"end":{"line":16,"column":null}},"type":"binary-expr","locations":[{"start":{"line":16,"column":0},"end":{"line":16,"column":null}},{"start":{"line":16,"column":0},"end":{"line":16,"column":null}},{"start":{"line":16,"column":0},"end":{"line":16,"column":null}}]},"1":{"loc":{"start":{"line":42,"column":0},"end":{"line":42,"column":null}},"type":"binary-expr","locations":[{"start":{"line":42,"column":0},"end":{"line":42,"column":null}},{"start":{"line":42,"column":0},"end":{"line":42,"column":null}}]},"2":{"loc":{"start":{"line":43,"column":0},"end":{"line":43,"column":null}},"type":"binary-expr","locations":[{"start":{"line":43,"column":0},"end":{"line":43,"column":null}},{"start":{"line":43,"column":0},"end":{"line":43,"column":null}}]},"3":{"loc":{"start":{"line":48,"column":0},"end":{"line":50,"column":null}},"type":"if","locations":[{"start":{"line":48,"column":0},"end":{"line":50,"column":null}},{"start":{"line":48,"column":0},"end":{"line":50,"column":null}}]},"4":{"loc":{"start":{"line":48,"column":0},"end":{"line":48,"column":null}},"type":"binary-expr","locations":[{"start":{"line":48,"column":0},"end":{"line":48,"column":null}},{"start":{"line":48,"column":0},"end":{"line":48,"column":null}}]},"5":{"loc":{"start":{"line":51,"column":0},"end":{"line":53,"column":null}},"type":"if","locations":[{"start":{"line":51,"column":0},"end":{"line":53,"column":null}},{"start":{"line":51,"column":0},"end":{"line":53,"column":null}}]},"6":{"loc":{"start":{"line":51,"column":0},"end":{"line":51,"column":null}},"type":"binary-expr","locations":[{"start":{"line":51,"column":0},"end":{"line":51,"column":null}},{"start":{"line":51,"column":0},"end":{"line":51,"column":null}}]},"7":{"loc":{"start":{"line":55,"column":0},"end":{"line":58,"column":null}},"type":"if","locations":[{"start":{"line":55,"column":0},"end":{"line":58,"column":null}},{"start":{"line":55,"column":0},"end":{"line":58,"column":null}}]}},"s":{"0":2,"1":2,"2":2,"3":4,"4":0,"5":0,"6":2,"7":0,"8":2,"9":0,"10":2,"11":0,"12":2,"13":0,"14":2,"15":0,"16":0,"17":0,"18":0,"19":0,"20":0,"21":0,"22":0,"23":0,"24":2,"25":2,"26":2},"f":{"0":2,"1":0,"2":0,"3":0,"4":0},"b":{"0":[0,0,0],"1":[0,0],"2":[0,0],"3":[0,0],"4":[0,0],"5":[0,0],"6":[0,0],"7":[0,0]}}
,"/Users/denghui.li/Work/rocket-ts/src/components/widget/Input.vue": {"path":"/Users/denghui.li/Work/rocket-ts/src/components/widget/Input.vue","statementMap":{"0":{"start":{"line":7,"column":0},"end":{"line":7,"column":null}},"1":{"start":{"line":8,"column":0},"end":{"line":8,"column":null}},"2":{"start":{"line":10,"column":0},"end":{"line":10,"column":null}},"3":{"start":{"line":16,"column":0},"end":{"line":22,"column":null}},"4":{"start":{"line":16,"column":0},"end":{"line":16,"column":null}},"5":{"start":{"line":11,"column":0},"end":{"line":11,"column":null}},"6":{"start":{"line":17,"column":0},"end":{"line":17,"column":null}},"7":{"start":{"line":19,"column":0},"end":{"line":21,"column":null}},"8":{"start":{"line":20,"column":0},"end":{"line":20,"column":null}},"9":{"start":{"line":16,"column":0},"end":{"line":11,"column":null}},"10":{"start":{"line":22,"column":0},"end":{"line":22,"column":null}}},"fnMap":{"0":{"name":"(anonymous_1)","decl":{"start":{"line":16,"column":0},"end":{"line":16,"column":null}},"loc":{"start":{"line":16,"column":0},"end":{"line":22,"column":null}}},"1":{"name":"WInput","decl":{"start":{"line":11,"column":0},"end":{"line":11,"column":null}},"loc":{"start":{"line":11,"column":0},"end":{"line":22,"column":null}}},"2":{"name":"(anonymous_3)","decl":{"start":{"line":19,"column":0},"end":{"line":19,"column":null}},"loc":{"start":{"line":19,"column":0},"end":{"line":21,"column":null}}}},"branchMap":{"0":{"loc":{"start":{"line":11,"column":0},"end":{"line":11,"column":null}},"type":"binary-expr","locations":[{"start":{"line":11,"column":0},"end":{"line":11,"column":null}},{"start":{"line":11,"column":0},"end":{"line":11,"column":null}},{"start":{"line":11,"column":0},"end":{"line":11,"column":null}}]}},"s":{"0":3,"1":3,"2":3,"3":3,"4":3,"5":1,"6":1,"7":3,"8":0,"9":3,"10":3},"f":{"0":3,"1":1,"2":0},"b":{"0":[1,1,1]}}
,"/Users/denghui.li/Work/rocket-ts/src/components/widget/Number.vue": {"path":"/Users/denghui.li/Work/rocket-ts/src/components/widget/Number.vue","statementMap":{"0":{"start":{"line":2,"column":0},"end":{"line":2,"column":null}},"1":{"start":{"line":3,"column":0},"end":{"line":3,"column":null}},"2":{"start":{"line":5,"column":0},"end":{"line":7,"column":null}},"3":{"start":{"line":5,"column":0},"end":{"line":5,"column":null}},"4":{"start":{"line":4,"column":0},"end":{"line":4,"column":null}},"5":{"start":{"line":6,"column":0},"end":{"line":6,"column":null}},"6":{"start":{"line":7,"column":0},"end":{"line":7,"column":null}}},"fnMap":{"0":{"name":"(anonymous_1)","decl":{"start":{"line":5,"column":0},"end":{"line":5,"column":null}},"loc":{"start":{"line":5,"column":0},"end":{"line":7,"column":null}}},"1":{"name":"WNumber","decl":{"start":{"line":4,"column":0},"end":{"line":4,"column":null}},"loc":{"start":{"line":4,"column":0},"end":{"line":7,"column":null}}}},"branchMap":{"0":{"loc":{"start":{"line":4,"column":0},"end":{"line":4,"column":null}},"type":"binary-expr","locations":[{"start":{"line":4,"column":0},"end":{"line":4,"column":null}},{"start":{"line":4,"column":0},"end":{"line":4,"column":null}},{"start":{"line":4,"column":0},"end":{"line":4,"column":null}}]}},"s":{"0":2,"1":2,"2":2,"3":4,"4":0,"5":0,"6":2},"f":{"0":2,"1":0},"b":{"0":[0,0,0]}}
,"/Users/denghui.li/Work/rocket-ts/src/components/widget/Password.vue": {"path":"/Users/denghui.li/Work/rocket-ts/src/components/widget/Password.vue","statementMap":{"0":{"start":{"line":2,"column":0},"end":{"line":2,"column":null}},"1":{"start":{"line":3,"column":0},"end":{"line":3,"column":null}},"2":{"start":{"line":5,"column":0},"end":{"line":7,"column":null}},"3":{"start":{"line":5,"column":0},"end":{"line":5,"column":null}},"4":{"start":{"line":4,"column":0},"end":{"line":4,"column":null}},"5":{"start":{"line":6,"column":0},"end":{"line":6,"column":null}},"6":{"start":{"line":7,"column":0},"end":{"line":7,"column":null}}},"fnMap":{"0":{"name":"(anonymous_1)","decl":{"start":{"line":5,"column":0},"end":{"line":5,"column":null}},"loc":{"start":{"line":5,"column":0},"end":{"line":7,"column":null}}},"1":{"name":"WPassword","decl":{"start":{"line":4,"column":0},"end":{"line":4,"column":null}},"loc":{"start":{"line":4,"column":0},"end":{"line":7,"column":null}}}},"branchMap":{"0":{"loc":{"start":{"line":4,"column":0},"end":{"line":4,"column":null}},"type":"binary-expr","locations":[{"start":{"line":4,"column":0},"end":{"line":4,"column":null}},{"start":{"line":4,"column":0},"end":{"line":4,"column":null}},{"start":{"line":4,"column":0},"end":{"line":4,"column":null}}]}},"s":{"0":2,"1":2,"2":2,"3":4,"4":0,"5":0,"6":2},"f":{"0":2,"1":0},"b":{"0":[0,0,0]}}
,"/Users/denghui.li/Work/rocket-ts/src/components/widget/Radio.vue": {"path":"/Users/denghui.li/Work/rocket-ts/src/components/widget/Radio.vue","statementMap":{"0":{"start":{"line":5,"column":0},"end":{"line":5,"column":null}},"1":{"start":{"line":6,"column":0},"end":{"line":6,"column":null}},"2":{"start":{"line":7,"column":0},"end":{"line":7,"column":null}},"3":{"start":{"line":14,"column":0},"end":{"line":19,"column":null}},"4":{"start":{"line":14,"column":0},"end":{"line":14,"column":null}},"5":{"start":{"line":15,"column":0},"end":{"line":18,"column":null}},"6":{"start":{"line":16,"column":0},"end":{"line":16,"column":null}},"7":{"start":{"line":17,"column":0},"end":{"line":17,"column":null}},"8":{"start":{"line":14,"column":0},"end":{"line":9,"column":null}},"9":{"start":{"line":19,"column":0},"end":{"line":19,"column":null}}},"fnMap":{"0":{"name":"(anonymous_1)","decl":{"start":{"line":14,"column":0},"end":{"line":14,"column":null}},"loc":{"start":{"line":14,"column":0},"end":{"line":19,"column":null}}},"1":{"name":"(anonymous_3)","decl":{"start":{"line":15,"column":0},"end":{"line":15,"column":null}},"loc":{"start":{"line":15,"column":0},"end":{"line":18,"column":null}}}},"branchMap":{"0":{"loc":{"start":{"line":17,"column":0},"end":{"line":17,"column":null}},"type":"binary-expr","locations":[{"start":{"line":17,"column":0},"end":{"line":17,"column":null}},{"start":{"line":17,"column":0},"end":{"line":17,"column":null}}]}},"s":{"0":2,"1":2,"2":2,"3":2,"4":2,"5":2,"6":0,"7":0,"8":2,"9":2},"f":{"0":2,"1":0},"b":{"0":[0,0]}}
,"/Users/denghui.li/Work/rocket-ts/src/components/widget/Select.vue": {"path":"/Users/denghui.li/Work/rocket-ts/src/components/widget/Select.vue","statementMap":{"0":{"start":{"line":6,"column":0},"end":{"line":6,"column":null}},"1":{"start":{"line":7,"column":0},"end":{"line":7,"column":null}},"2":{"start":{"line":10,"column":0},"end":{"line":13,"column":null}},"3":{"start":{"line":10,"column":0},"end":{"line":10,"column":null}},"4":{"start":{"line":12,"column":0},"end":{"line":12,"column":null}},"5":{"start":{"line":13,"column":0},"end":{"line":13,"column":null}}},"fnMap":{"0":{"name":"(anonymous_1)","decl":{"start":{"line":10,"column":0},"end":{"line":10,"column":null}},"loc":{"start":{"line":10,"column":0},"end":{"line":13,"column":null}}}},"branchMap":{},"s":{"0":2,"1":2,"2":2,"3":4,"4":2,"5":2},"f":{"0":2},"b":{}}
,"/Users/denghui.li/Work/rocket-ts/src/components/widget/Switch.vue": {"path":"/Users/denghui.li/Work/rocket-ts/src/components/widget/Switch.vue","statementMap":{"0":{"start":{"line":5,"column":0},"end":{"line":5,"column":null}},"1":{"start":{"line":6,"column":0},"end":{"line":6,"column":null}},"2":{"start":{"line":9,"column":0},"end":{"line":17,"column":null}},"3":{"start":{"line":9,"column":0},"end":{"line":9,"column":null}},"4":{"start":{"line":8,"column":0},"end":{"line":8,"column":null}},"5":{"start":{"line":10,"column":0},"end":{"line":10,"column":null}},"6":{"start":{"line":14,"column":0},"end":{"line":16,"column":null}},"7":{"start":{"line":15,"column":0},"end":{"line":15,"column":null}},"8":{"start":{"line":17,"column":0},"end":{"line":17,"column":null}}},"fnMap":{"0":{"name":"(anonymous_1)","decl":{"start":{"line":9,"column":0},"end":{"line":9,"column":null}},"loc":{"start":{"line":9,"column":0},"end":{"line":17,"column":null}}},"1":{"name":"WSwitch","decl":{"start":{"line":8,"column":0},"end":{"line":8,"column":null}},"loc":{"start":{"line":8,"column":0},"end":{"line":17,"column":null}}},"2":{"name":"(anonymous_3)","decl":{"start":{"line":14,"column":0},"end":{"line":14,"column":null}},"loc":{"start":{"line":14,"column":0},"end":{"line":16,"column":null}}}},"branchMap":{"0":{"loc":{"start":{"line":8,"column":0},"end":{"line":8,"column":null}},"type":"binary-expr","locations":[{"start":{"line":8,"column":0},"end":{"line":8,"column":null}},{"start":{"line":8,"column":0},"end":{"line":8,"column":null}},{"start":{"line":8,"column":0},"end":{"line":8,"column":null}}]},"1":{"loc":{"start":{"line":11,"column":0},"end":{"line":11,"column":null}},"type":"binary-expr","locations":[{"start":{"line":11,"column":0},"end":{"line":11,"column":null}},{"start":{"line":11,"column":0},"end":{"line":11,"column":null}}]},"2":{"loc":{"start":{"line":15,"column":0},"end":{"line":15,"column":null}},"type":"binary-expr","locations":[{"start":{"line":15,"column":0},"end":{"line":15,"column":null}},{"start":{"line":15,"column":0},"end":{"line":15,"column":null}}]}},"s":{"0":2,"1":2,"2":2,"3":4,"4":0,"5":0,"6":2,"7":0,"8":2},"f":{"0":2,"1":0,"2":0},"b":{"0":[0,0,0],"1":[0,0],"2":[0,0]}}
,"/Users/denghui.li/Work/rocket-ts/src/components/widget/Textarea.vue": {"path":"/Users/denghui.li/Work/rocket-ts/src/components/widget/Textarea.vue","statementMap":{"0":{"start":{"line":5,"column":0},"end":{"line":5,"column":null}},"1":{"start":{"line":6,"column":0},"end":{"line":6,"column":null}},"2":{"start":{"line":9,"column":0},"end":{"line":9,"column":null}}},"fnMap":{"0":{"name":"(anonymous_1)","decl":{"start":{"line":9,"column":0},"end":{"line":9,"column":null}},"loc":{"start":{"line":9,"column":0},"end":{"line":9,"column":null}}}},"branchMap":{},"s":{"0":2,"1":2,"2":8},"f":{"0":2},"b":{}}
,"/Users/denghui.li/Work/rocket-ts/src/utils/add.ts": {"path":"/Users/denghui.li/Work/rocket-ts/src/utils/add.ts","statementMap":{"0":{"start":{"line":1,"column":0},"end":{"line":3,"column":2}},"1":{"start":{"line":2,"column":2},"end":{"line":2,"column":15}}},"fnMap":{"0":{"name":"(anonymous_0)","decl":{"start":{"line":1,"column":15},"end":{"line":1,"column":16}},"loc":{"start":{"line":1,"column":36},"end":{"line":3,"column":1}}}},"branchMap":{},"s":{"0":1,"1":2},"f":{"0":2},"b":{}}
}
