TN:
SF:/Users/denghui.li/Work/rocket-ts/src/components/Form/Form.vue
FN:53,(anonymous_1)
FN:39,Form
FN:89,(anonymous_4)
FN:96,(anonymous_5)
FN:101,(anonymous_6)
FN:105,(anonymous_7)
FN:117,(anonymous_9)
FN:118,(anonymous_10)
FN:125,(anonymous_11)
FN:126,(anonymous_12)
FN:128,(anonymous_13)
FN:133,(anonymous_14)
FN:137,(anonymous_15)
FN:143,(anonymous_18)
FN:147,(anonymous_19)
FN:155,(anonymous_20)
FN:161,(anonymous_21)
FN:172,(anonymous_24)
FN:173,(anonymous_25)
FNF:19
FNH:6
FNDA:2,(anonymous_1)
FNDA:1,Form
FNDA:0,(anonymous_4)
FNDA:0,(anonymous_5)
FNDA:0,(anonymous_6)
FNDA:6,(anonymous_7)
FNDA:6,(anonymous_9)
FNDA:0,(anonymous_10)
FNDA:0,(anonymous_11)
FNDA:0,(anonymous_12)
FNDA:0,(anonymous_13)
FNDA:0,(anonymous_14)
FNDA:0,(anonymous_15)
FNDA:0,(anonymous_18)
FNDA:0,(anonymous_19)
FNDA:0,(anonymous_20)
FNDA:0,(anonymous_21)
FNDA:1,(anonymous_24)
FNDA:3,(anonymous_25)
DA:10,2
DA:26,2
DA:27,2
DA:28,2
DA:29,2
DA:30,2
DA:31,2
DA:32,2
DA:33,2
DA:34,2
DA:35,2
DA:39,1
DA:53,2
DA:55,2
DA:58,2
DA:61,2
DA:64,2
DA:67,2
DA:70,2
DA:73,2
DA:76,2
DA:79,2
DA:82,2
DA:84,1
DA:86,1
DA:88,3
DA:89,1
DA:93,3
DA:96,2
DA:97,0
DA:101,2
DA:102,0
DA:105,2
DA:106,6
DA:107,6
DA:108,6
DA:111,2
DA:112,1
DA:117,2
DA:118,6
DA:120,0
DA:122,6
DA:125,2
DA:126,0
DA:127,0
DA:128,0
DA:129,0
DA:133,2
DA:134,0
DA:135,0
DA:137,2
DA:139,0
DA:143,2
DA:144,0
DA:145,0
DA:146,0
DA:147,0
DA:149,0
DA:151,0
DA:154,1
DA:155,2
DA:156,0
DA:161,2
DA:162,0
DA:163,0
DA:164,0
DA:165,0
DA:166,0
DA:167,0
DA:168,0
DA:172,2
DA:173,1
DA:174,3
DA:177,2
LF:74
LH:50
BRDA:39,0,0,1
BRDA:39,0,1,1
BRDA:39,0,2,1
BRDA:107,1,0,0
BRDA:107,1,1,6
BRDA:129,2,0,0
BRDA:129,2,1,0
BRDA:146,3,0,0
BRDA:146,3,1,0
BRDA:162,4,0,0
BRDA:162,4,1,0
BRDA:164,5,0,0
BRDA:164,5,1,0
BRDA:167,6,0,0
BRDA:167,6,1,0
BRF:15
BRH:4
end_of_record
TN:
SF:/Users/denghui.li/Work/rocket-ts/src/components/Radio/index.vue
FN:19,(anonymous_1)
FN:18,RRadio
FN:28,(anonymous_3)
FN:36,(anonymous_4)
FNF:4
FNH:1
FNDA:2,(anonymous_1)
FNDA:0,RRadio
FNDA:0,(anonymous_3)
FNDA:0,(anonymous_4)
DA:6,2
DA:18,0
DA:19,4
DA:22,2
DA:25,2
DA:28,2
DA:29,0
DA:32,0
DA:36,2
DA:37,0
DA:39,2
LF:11
LH:7
BRDA:18,0,0,0
BRDA:18,0,1,0
BRDA:18,0,2,0
BRF:3
BRH:0
end_of_record
TN:
SF:/Users/denghui.li/Work/rocket-ts/src/components/Table/BaseTable.vue
FN:30,(anonymous_1)
FN:29,BaseTable
FN:63,(anonymous_3)
FN:38,_default
FNF:4
FNH:2
FNDA:1,(anonymous_1)
FNDA:2,BaseTable
FNDA:0,(anonymous_3)
FNDA:0,_default
DA:11,1
DA:29,2
DA:30,2
DA:32,1
DA:35,1
DA:39,0
DA:42,1
DA:45,1
DA:48,1
DA:51,1
DA:54,1
DA:56,2
DA:61,2
DA:63,1
DA:65,1
DA:66,0
DA:69,1
DA:70,0
DA:72,1
LF:19
LH:16
BRDA:29,0,0,2
BRDA:29,0,1,2
BRDA:29,0,2,2
BRDA:63,1,0,0
BRDA:63,1,1,0
BRF:5
BRH:3
end_of_record
TN:
SF:/Users/denghui.li/Work/rocket-ts/src/components/Table/LocalTable.vue
FN:24,(anonymous_1)
FN:18,RLocalTable
FN:25,(anonymous_3)
FN:33,(anonymous_4)
FN:38,(anonymous_7)
FN:47,(anonymous_11)
FN:73,(anonymous_14)
FNF:7
FNH:6
FNDA:1,(anonymous_1)
FNDA:2,RLocalTable
FNDA:0,(anonymous_3)
FNDA:2,(anonymous_4)
FNDA:2,(anonymous_7)
FNDA:2,(anonymous_11)
FNDA:2,(anonymous_14)
DA:2,1
DA:14,1
DA:15,1
DA:16,1
DA:17,1
DA:18,2
DA:24,1
DA:25,1
DA:26,0
DA:31,2
DA:33,1
DA:34,2
DA:38,1
DA:39,4
DA:40,2
DA:41,0
DA:43,2
DA:46,5
DA:47,4
DA:48,2
DA:49,2
DA:50,0
DA:51,0
DA:54,0
DA:55,0
DA:57,0
DA:60,2
DA:64,1
DA:65,12
DA:66,4
DA:69,1
DA:70,4
DA:73,1
DA:74,2
DA:76,1
LF:35
LH:28
BRDA:18,0,0,2
BRDA:18,0,1,2
BRDA:18,0,2,2
BRDA:25,1,0,0
BRDA:25,1,1,0
BRDA:34,2,0,1
BRDA:34,2,1,1
BRDA:40,3,0,0
BRDA:40,3,1,2
BRDA:50,4,0,0
BRDA:50,4,1,0
BRDA:50,5,0,0
BRDA:50,5,1,0
BRDA:54,6,0,0
BRDA:54,6,1,0
BRDA:55,7,0,0
BRDA:55,7,1,0
BRDA:57,8,0,0
BRDA:57,8,1,0
BRF:19
BRH:6
end_of_record
TN:
SF:/Users/denghui.li/Work/rocket-ts/src/components/Table/TableColumn.vue
FN:26,(anonymous_1)
FNF:1
FNH:1
FNDA:1,(anonymous_1)
DA:9,1
DA:21,1
DA:26,1
DA:28,1
DA:31,1
DA:34,1
DA:37,1
DA:40,1
DA:43,1
DA:44,1
LF:10
LH:10
BRF:0
BRH:0
end_of_record
TN:
SF:/Users/denghui.li/Work/rocket-ts/src/components/toolBar/index.vue
FN:12,(anonymous_1)
FN:11,Toolbar
FN:25,(anonymous_3)
FN:34,(anonymous_6)
FN:42,(anonymous_9)
FN:43,(anonymous_10)
FN:49,(anonymous_13)
FN:18,_default
FNF:8
FNH:8
FNDA:4,(anonymous_1)
FNDA:7,Toolbar
FNDA:1,(anonymous_3)
FNDA:30,(anonymous_6)
FNDA:14,(anonymous_9)
FNDA:30,(anonymous_10)
FNDA:7,(anonymous_13)
FNDA:2,_default
DA:8,4
DA:9,4
DA:11,7
DA:12,8
DA:14,4
DA:19,2
DA:22,4
DA:25,4
DA:27,2
DA:29,1
DA:32,7
DA:34,4
DA:35,30
DA:36,12
DA:38,18
DA:41,14
DA:42,4
DA:43,14
DA:44,60
DA:45,30
DA:49,4
DA:50,7
DA:52,4
LF:23
LH:23
BRDA:11,0,0,7
BRDA:11,0,1,7
BRDA:11,0,2,7
BRDA:35,1,0,12
BRDA:35,1,1,18
BRDA:38,2,0,18
BRDA:38,2,1,0
BRF:7
BRH:6
end_of_record
TN:
SF:/Users/denghui.li/Work/rocket-ts/src/components/widget/BaseWidget.ts
FN:5,(anonymous_0)
FN:4,Form
FN:31,(anonymous_2)
FN:39,(anonymous_3)
FN:43,(anonymous_4)
FNF:5
FNH:3
FNDA:3,(anonymous_0)
FNDA:1,Form
FNDA:0,(anonymous_2)
FNDA:0,(anonymous_3)
FNDA:1,(anonymous_4)
DA:1,3
DA:4,1
DA:5,3
DA:7,3
DA:10,3
DA:13,3
DA:16,3
DA:19,3
DA:22,3
DA:25,3
DA:28,3
DA:31,6
DA:32,0
DA:35,1
DA:39,3
DA:40,0
DA:43,3
DA:44,1
DA:45,1
DA:46,1
DA:48,3
LF:21
LH:19
BRDA:4,0,0,1
BRDA:4,0,1,1
BRDA:4,0,2,1
BRDA:36,1,0,1
BRDA:36,1,1,1
BRDA:40,2,0,0
BRDA:40,2,1,0
BRF:7
BRH:5
end_of_record
TN:
SF:/Users/denghui.li/Work/rocket-ts/src/components/widget/Checkbox.vue
FN:9,(anonymous_1)
FN:8,WCheckbox
FN:14,(anonymous_3)
FNF:3
FNH:1
FNDA:2,(anonymous_1)
FNDA:0,WCheckbox
FNDA:0,(anonymous_3)
DA:6,2
DA:7,2
DA:8,0
DA:9,4
DA:10,0
DA:14,2
DA:15,0
DA:17,2
LF:8
LH:5
BRDA:8,0,0,0
BRDA:8,0,1,0
BRDA:8,0,2,0
BRDA:11,1,0,0
BRDA:11,1,1,0
BRDA:15,2,0,0
BRDA:15,2,1,0
BRF:7
BRH:0
end_of_record
TN:
SF:/Users/denghui.li/Work/rocket-ts/src/components/widget/DatePickerGroup.vue
FN:17,(anonymous_1)
FN:16,WDatePickerGroup
FN:27,(anonymous_3)
FN:39,(anonymous_6)
FN:47,(anonymous_7)
FNF:5
FNH:1
FNDA:2,(anonymous_1)
FNDA:0,WDatePickerGroup
FNDA:0,(anonymous_3)
FNDA:0,(anonymous_6)
FNDA:0,(anonymous_7)
DA:12,2
DA:14,2
DA:16,0
DA:17,4
DA:19,2
DA:21,0
DA:27,2
DA:28,0
DA:31,2
DA:32,0
DA:35,2
DA:36,0
DA:39,2
DA:40,0
DA:47,2
DA:48,0
DA:49,0
DA:51,0
DA:52,0
DA:55,0
DA:56,0
DA:57,0
DA:59,0
DA:61,0
DA:63,2
LF:25
LH:10
BRDA:16,0,0,0
BRDA:16,0,1,0
BRDA:16,0,2,0
BRDA:42,1,0,0
BRDA:42,1,1,0
BRDA:43,2,0,0
BRDA:43,2,1,0
BRDA:48,3,0,0
BRDA:48,3,1,0
BRDA:48,4,0,0
BRDA:48,4,1,0
BRDA:51,5,0,0
BRDA:51,5,1,0
BRDA:51,6,0,0
BRDA:51,6,1,0
BRDA:55,7,0,0
BRDA:55,7,1,0
BRF:17
BRH:0
end_of_record
TN:
SF:/Users/denghui.li/Work/rocket-ts/src/components/widget/Input.vue
FN:16,(anonymous_1)
FN:11,WInput
FN:19,(anonymous_3)
FNF:3
FNH:2
FNDA:3,(anonymous_1)
FNDA:1,WInput
FNDA:0,(anonymous_3)
DA:7,3
DA:8,3
DA:10,3
DA:11,1
DA:16,3
DA:17,1
DA:19,3
DA:20,0
DA:22,3
LF:9
LH:8
BRDA:11,0,0,1
BRDA:11,0,1,1
BRDA:11,0,2,1
BRF:3
BRH:3
end_of_record
TN:
SF:/Users/denghui.li/Work/rocket-ts/src/components/widget/Number.vue
FN:5,(anonymous_1)
FN:4,WNumber
FNF:2
FNH:1
FNDA:2,(anonymous_1)
FNDA:0,WNumber
DA:2,2
DA:3,2
DA:4,0
DA:5,4
DA:6,0
DA:7,2
LF:6
LH:4
BRDA:4,0,0,0
BRDA:4,0,1,0
BRDA:4,0,2,0
BRF:3
BRH:0
end_of_record
TN:
SF:/Users/denghui.li/Work/rocket-ts/src/components/widget/Password.vue
FN:5,(anonymous_1)
FN:4,WPassword
FNF:2
FNH:1
FNDA:2,(anonymous_1)
FNDA:0,WPassword
DA:2,2
DA:3,2
DA:4,0
DA:5,4
DA:6,0
DA:7,2
LF:6
LH:4
BRDA:4,0,0,0
BRDA:4,0,1,0
BRDA:4,0,2,0
BRF:3
BRH:0
end_of_record
TN:
SF:/Users/denghui.li/Work/rocket-ts/src/components/widget/Radio.vue
FN:14,(anonymous_1)
FN:15,(anonymous_3)
FNF:2
FNH:1
FNDA:2,(anonymous_1)
FNDA:0,(anonymous_3)
DA:5,2
DA:6,2
DA:7,2
DA:14,2
DA:15,2
DA:16,0
DA:17,0
DA:19,2
LF:8
LH:6
BRDA:17,0,0,0
BRDA:17,0,1,0
BRF:2
BRH:0
end_of_record
TN:
SF:/Users/denghui.li/Work/rocket-ts/src/components/widget/Select.vue
FN:10,(anonymous_1)
FNF:1
FNH:1
FNDA:2,(anonymous_1)
DA:6,2
DA:7,2
DA:10,4
DA:12,2
DA:13,2
LF:5
LH:5
BRF:0
BRH:0
end_of_record
TN:
SF:/Users/denghui.li/Work/rocket-ts/src/components/widget/Switch.vue
FN:9,(anonymous_1)
FN:8,WSwitch
FN:14,(anonymous_3)
FNF:3
FNH:1
FNDA:2,(anonymous_1)
FNDA:0,WSwitch
FNDA:0,(anonymous_3)
DA:5,2
DA:6,2
DA:8,0
DA:9,4
DA:10,0
DA:14,2
DA:15,0
DA:17,2
LF:8
LH:5
BRDA:8,0,0,0
BRDA:8,0,1,0
BRDA:8,0,2,0
BRDA:11,1,0,0
BRDA:11,1,1,0
BRDA:15,2,0,0
BRDA:15,2,1,0
BRF:7
BRH:0
end_of_record
TN:
SF:/Users/denghui.li/Work/rocket-ts/src/components/widget/Textarea.vue
FN:9,(anonymous_1)
FNF:1
FNH:1
FNDA:2,(anonymous_1)
DA:5,2
DA:6,2
DA:9,8
LF:3
LH:3
BRF:0
BRH:0
end_of_record
TN:
SF:/Users/denghui.li/Work/rocket-ts/src/utils/add.ts
FN:1,(anonymous_0)
FNF:1
FNH:1
FNDA:2,(anonymous_0)
DA:1,1
DA:2,2
LF:2
LH:2
BRF:0
BRH:0
end_of_record
